<?xml version="1.0" encoding="UTF-8"?>
<testsuite name="fr.eseo.e3.poo.projet.blox.modele.CoordonneesTest" tests="4" skipped="0" failures="0" errors="0" timestamp="2023-04-04T11:02:16" hostname="MaxBook.local" time="0.173">
  <properties/>
  <testcase name="testToString()" classname="fr.eseo.e3.poo.projet.blox.modele.CoordonneesTest" time="0.153"/>
  <testcase name="testConstructeur()" classname="fr.eseo.e3.poo.projet.blox.modele.CoordonneesTest" time="0.001"/>
  <testcase name="testEquals()" classname="fr.eseo.e3.poo.projet.blox.modele.CoordonneesTest" time="0.013"/>
  <testcase name="testSetter()" classname="fr.eseo.e3.poo.projet.blox.modele.CoordonneesTest" time="0.001"/>
  <system-out><![CDATA[]]></system-out>
  <system-err><![CDATA[]]></system-err>
</testsuite>
